170509 20:20:15 mysqld_safe Logging to '/Applications/MAMP/logs/mysql_error_log.err'.
170509 20:20:15 mysqld_safe Starting mysqld daemon with databases from /Applications/MAMP/db/mysql56
2017-05-09 20:20:16 0 [Warning] TIMESTAMP with implicit DEFAULT value is deprecated. Please use --explicit_defaults_for_timestamp server option (see documentation for more details).
2017-05-09 20:20:16 0 [Note] --secure-file-priv is set to NULL. Operations related to importing and exporting data are disabled
2017-05-09 20:20:16 0 [Note] /Applications/MAMP/Library/bin/mysqld (mysqld 5.6.35) starting as process 6362 ...
2017-05-09 20:20:16 6362 [Warning] Setting lower_case_table_names=2 because file system for /Applications/MAMP/db/mysql56/ is case insensitive
2017-05-09 20:20:16 6362 [Note] Plugin 'FEDERATED' is disabled.
2017-05-09 20:20:16 6362 [Note] InnoDB: Using atomics to ref count buffer pool pages
2017-05-09 20:20:16 6362 [Note] InnoDB: The InnoDB memory heap is disabled
2017-05-09 20:20:16 6362 [Note] InnoDB: Mutexes and rw_locks use GCC atomic builtins
2017-05-09 20:20:16 6362 [Note] InnoDB: Memory barrier is not used
2017-05-09 20:20:16 6362 [Note] InnoDB: Compressed tables use zlib 1.2.8
2017-05-09 20:20:16 6362 [Note] InnoDB: Using CPU crc32 instructions
2017-05-09 20:20:16 6362 [Note] InnoDB: Initializing buffer pool, size = 128.0M
2017-05-09 20:20:16 6362 [Note] InnoDB: Completed initialization of buffer pool
2017-05-09 20:20:16 6362 [Note] InnoDB: Highest supported file format is Barracuda.
2017-05-09 20:20:16 6362 [Note] InnoDB: 128 rollback segment(s) are active.
2017-05-09 20:20:16 6362 [Note] InnoDB: Waiting for purge to start
2017-05-09 20:20:16 6362 [Note] InnoDB: 5.6.35 started; log sequence number 1600617
2017-05-09 20:20:16 6362 [Note] RSA private key file not found: /Applications/MAMP/db/mysql56//private_key.pem. Some authentication plugins will not work.
2017-05-09 20:20:16 6362 [Note] RSA public key file not found: /Applications/MAMP/db/mysql56//public_key.pem. Some authentication plugins will not work.
2017-05-09 20:20:16 6362 [Note] Server hostname (bind-address): '*'; port: 8889
2017-05-09 20:20:16 6362 [Note] IPv6 is available.
2017-05-09 20:20:16 6362 [Note]   - '::' resolves to '::';
2017-05-09 20:20:16 6362 [Note] Server socket created on IP: '::'.
2017-05-09 20:20:16 6362 [Note] Event Scheduler: Loaded 0 events
2017-05-09 20:20:16 6362 [Note] /Applications/MAMP/Library/bin/mysqld: ready for connections.
Version: '5.6.35'  socket: '/Applications/MAMP/tmp/mysql/mysql.sock'  port: 8889  MySQL Community Server (GPL)
2017-05-09 20:28:29 6362 [Warning] InnoDB: Cannot open table mysql/innodb_index_stats from the internal data dictionary of InnoDB though the .frm file for the table exists. See http://dev.mysql.com/doc/refman/5.6/en/innodb-troubleshooting.html for how you can resolve the problem.
2017-05-09 20:28:29 6362 [Warning] InnoDB: Cannot open table mysql/innodb_table_stats from the internal data dictionary of InnoDB though the .frm file for the table exists. See http://dev.mysql.com/doc/refman/5.6/en/innodb-troubleshooting.html for how you can resolve the problem.
2017-05-09 20:28:29 6362 [Warning] InnoDB: Cannot open table mysql/slave_master_info from the internal data dictionary of InnoDB though the .frm file for the table exists. See http://dev.mysql.com/doc/refman/5.6/en/innodb-troubleshooting.html for how you can resolve the problem.
2017-05-09 20:28:29 6362 [Warning] InnoDB: Cannot open table mysql/slave_relay_log_info from the internal data dictionary of InnoDB though the .frm file for the table exists. See http://dev.mysql.com/doc/refman/5.6/en/innodb-troubleshooting.html for how you can resolve the problem.
2017-05-09 20:28:29 6362 [Warning] InnoDB: Cannot open table mysql/slave_worker_info from the internal data dictionary of InnoDB though the .frm file for the table exists. See http://dev.mysql.com/doc/refman/5.6/en/innodb-troubleshooting.html for how you can resolve the problem.
2017-05-09 20:28:29 6362 [Warning] InnoDB: Cannot open table mysql/innodb_index_stats from the internal data dictionary of InnoDB though the .frm file for the table exists. See http://dev.mysql.com/doc/refman/5.6/en/innodb-troubleshooting.html for how you can resolve the problem.
2017-05-09 20:28:29 6362 [Warning] InnoDB: Cannot open table mysql/innodb_table_stats from the internal data dictionary of InnoDB though the .frm file for the table exists. See http://dev.mysql.com/doc/refman/5.6/en/innodb-troubleshooting.html for how you can resolve the problem.
2017-05-09 20:28:29 6362 [Warning] InnoDB: Cannot open table mysql/slave_master_info from the internal data dictionary of InnoDB though the .frm file for the table exists. See http://dev.mysql.com/doc/refman/5.6/en/innodb-troubleshooting.html for how you can resolve the problem.
2017-05-09 20:28:29 6362 [Warning] InnoDB: Cannot open table mysql/slave_relay_log_info from the internal data dictionary of InnoDB though the .frm file for the table exists. See http://dev.mysql.com/doc/refman/5.6/en/innodb-troubleshooting.html for how you can resolve the problem.
2017-05-09 20:28:29 6362 [Warning] InnoDB: Cannot open table mysql/slave_worker_info from the internal data dictionary of InnoDB though the .frm file for the table exists. See http://dev.mysql.com/doc/refman/5.6/en/innodb-troubleshooting.html for how you can resolve the problem.
2017-05-09 20:28:29 6362 [Warning] InnoDB: Cannot open table mysql/innodb_table_stats from the internal data dictionary of InnoDB though the .frm file for the table exists. See http://dev.mysql.com/doc/refman/5.6/en/innodb-troubleshooting.html for how you can resolve the problem.
2017-05-09 20:28:29 6362 [Warning] InnoDB: Cannot open table mysql/innodb_index_stats from the internal data dictionary of InnoDB though the .frm file for the table exists. See http://dev.mysql.com/doc/refman/5.6/en/innodb-troubleshooting.html for how you can resolve the problem.
2017-05-09 20:28:29 6362 [Warning] InnoDB: Cannot open table mysql/slave_relay_log_info from the internal data dictionary of InnoDB though the .frm file for the table exists. See http://dev.mysql.com/doc/refman/5.6/en/innodb-troubleshooting.html for how you can resolve the problem.
2017-05-09 20:28:29 6362 [Warning] InnoDB: Cannot open table mysql/slave_master_info from the internal data dictionary of InnoDB though the .frm file for the table exists. See http://dev.mysql.com/doc/refman/5.6/en/innodb-troubleshooting.html for how you can resolve the problem.
2017-05-09 20:28:29 6362 [Warning] InnoDB: Cannot open table mysql/slave_worker_info from the internal data dictionary of InnoDB though the .frm file for the table exists. See http://dev.mysql.com/doc/refman/5.6/en/innodb-troubleshooting.html for how you can resolve the problem.
2017-05-09 20:28:31 6362 [Warning] InnoDB: Cannot open table mysql/slave_master_info from the internal data dictionary of InnoDB though the .frm file for the table exists. See http://dev.mysql.com/doc/refman/5.6/en/innodb-troubleshooting.html for how you can resolve the problem.
2017-05-09 20:28:31 6362 [Warning] InnoDB: Cannot open table mysql/slave_master_info from the internal data dictionary of InnoDB though the .frm file for the table exists. See http://dev.mysql.com/doc/refman/5.6/en/innodb-troubleshooting.html for how you can resolve the problem.
2017-05-09 20:28:31 6362 [Warning] InnoDB: Cannot open table mysql/slave_master_info from the internal data dictionary of InnoDB though the .frm file for the table exists. See http://dev.mysql.com/doc/refman/5.6/en/innodb-troubleshooting.html for how you can resolve the problem.
2017-05-09 20:28:31 6362 [Warning] InnoDB: Cannot open table mysql/slave_worker_info from the internal data dictionary of InnoDB though the .frm file for the table exists. See http://dev.mysql.com/doc/refman/5.6/en/innodb-troubleshooting.html for how you can resolve the problem.
2017-05-09 20:28:31 6362 [Warning] InnoDB: Cannot open table mysql/slave_relay_log_info from the internal data dictionary of InnoDB though the .frm file for the table exists. See http://dev.mysql.com/doc/refman/5.6/en/innodb-troubleshooting.html for how you can resolve the problem.
2017-05-09 20:28:31 6362 [Warning] InnoDB: Cannot open table mysql/innodb_table_stats from the internal data dictionary of InnoDB though the .frm file for the table exists. See http://dev.mysql.com/doc/refman/5.6/en/innodb-troubleshooting.html for how you can resolve the problem.
2017-05-09 20:28:31 6362 [Warning] InnoDB: Cannot open table mysql/innodb_index_stats from the internal data dictionary of InnoDB though the .frm file for the table exists. See http://dev.mysql.com/doc/refman/5.6/en/innodb-troubleshooting.html for how you can resolve the problem.
2017-05-09 20:56:28 7000101c8000 InnoDB: Error: Table "mysql"."innodb_table_stats" not found.
2017-05-09 20:56:28 7000101c8000 InnoDB: Error: Table "mysql"."innodb_table_stats" not found.
2017-05-09 20:56:28 7000101c8000 InnoDB: Error: Table "mysql"."innodb_table_stats" not found.
2017-05-09 20:56:28 7000101c8000 InnoDB: Error: Table "mysql"."innodb_table_stats" not found.
2017-05-09 20:56:28 7000101c8000 InnoDB: Error: Table "mysql"."innodb_table_stats" not found.
2017-05-09 20:56:28 7000101c8000 InnoDB: Error: Table "mysql"."innodb_table_stats" not found.
2017-05-09 20:56:28 7000101c8000 InnoDB: Error: Table "mysql"."innodb_table_stats" not found.
2017-05-09 20:56:28 7000101c8000 InnoDB: Error: Table "mysql"."innodb_table_stats" not found.
2017-05-09 20:56:28 7000101c8000 InnoDB: Error: Table "mysql"."innodb_table_stats" not found.
2017-05-09 20:56:29 7000101c8000 InnoDB: Error: Table "mysql"."innodb_table_stats" not found.
2017-05-09 20:56:29 7000101c8000 InnoDB: Error: Table "mysql"."innodb_table_stats" not found.
2017-05-09 20:56:29 7000101c8000 InnoDB: Error: Table "mysql"."innodb_table_stats" not found.
2017-05-09 20:56:29 7000101c8000 InnoDB: Error: Table "mysql"."innodb_table_stats" not found.
2017-05-09 20:56:29 7000101c8000 InnoDB: Error: Fetch of persistent statistics requested for table "wordpress"."wp_options" but the required system tables mysql.innodb_table_stats and mysql.innodb_index_stats are not present or have unexpected structure. Using transient stats instead.
2017-05-09 20:56:29 7000101c8000 InnoDB: Error: Table "mysql"."innodb_table_stats" not found.
2017-05-09 20:56:29 7000101c8000 InnoDB: Error: Fetch of persistent statistics requested for table "wordpress"."wp_users" but the required system tables mysql.innodb_table_stats and mysql.innodb_index_stats are not present or have unexpected structure. Using transient stats instead.
2017-05-09 20:56:29 7000101c8000 InnoDB: Error: Table "mysql"."innodb_table_stats" not found.
2017-05-09 20:56:29 7000101c8000 InnoDB: Error: Fetch of persistent statistics requested for table "wordpress"."wp_usermeta" but the required system tables mysql.innodb_table_stats and mysql.innodb_index_stats are not present or have unexpected structure. Using transient stats instead.
2017-05-09 20:56:29 7000101c8000 InnoDB: Error: Table "mysql"."innodb_table_stats" not found.
2017-05-09 20:56:29 7000101c8000 InnoDB: Error: Fetch of persistent statistics requested for table "wordpress"."wp_terms" but the required system tables mysql.innodb_table_stats and mysql.innodb_index_stats are not present or have unexpected structure. Using transient stats instead.
2017-05-09 20:56:29 7000101c8000 InnoDB: Error: Table "mysql"."innodb_table_stats" not found.
2017-05-09 20:56:29 7000101c8000 InnoDB: Error: Fetch of persistent statistics requested for table "wordpress"."wp_term_taxonomy" but the required system tables mysql.innodb_table_stats and mysql.innodb_index_stats are not present or have unexpected structure. Using transient stats instead.
2017-05-09 20:56:29 7000101c8000 InnoDB: Error: Table "mysql"."innodb_table_stats" not found.
2017-05-09 20:56:29 7000101c8000 InnoDB: Error: Fetch of persistent statistics requested for table "wordpress"."wp_posts" but the required system tables mysql.innodb_table_stats and mysql.innodb_index_stats are not present or have unexpected structure. Using transient stats instead.
2017-05-09 20:56:29 7000101c8000 InnoDB: Error: Table "mysql"."innodb_table_stats" not found.
2017-05-09 20:56:29 7000101c8000 InnoDB: Error: Fetch of persistent statistics requested for table "wordpress"."wp_term_relationships" but the required system tables mysql.innodb_table_stats and mysql.innodb_index_stats are not present or have unexpected structure. Using transient stats instead.
2017-05-09 20:56:29 7000101c8000 InnoDB: Error: Table "mysql"."innodb_table_stats" not found.
2017-05-09 20:56:29 7000101c8000 InnoDB: Error: Fetch of persistent statistics requested for table "wordpress"."wp_comments" but the required system tables mysql.innodb_table_stats and mysql.innodb_index_stats are not present or have unexpected structure. Using transient stats instead.
2017-05-09 20:56:29 7000101c8000 InnoDB: Error: Table "mysql"."innodb_table_stats" not found.
2017-05-09 20:56:29 7000101c8000 InnoDB: Error: Fetch of persistent statistics requested for table "wordpress"."wp_postmeta" but the required system tables mysql.innodb_table_stats and mysql.innodb_index_stats are not present or have unexpected structure. Using transient stats instead.
2017-05-09 20:56:29 700010184000 InnoDB: Error: Table "mysql"."innodb_table_stats" not found.
2017-05-09 20:56:29 700010184000 InnoDB: Error: Fetch of persistent statistics requested for table "wordpress"."wp_termmeta" but the required system tables mysql.innodb_table_stats and mysql.innodb_index_stats are not present or have unexpected structure. Using transient stats instead.
2017-05-09 20:56:39 700010079000 InnoDB: Error: Table "mysql"."innodb_table_stats" not found.
2017-05-09 20:56:39 700010079000 InnoDB: Recalculation of persistent statistics requested for table "wordpress"."wp_options" but the required persistent statistics storage is not present or is corrupted. Using transient stats instead.
2017-05-09 20:56:49 700010079000 InnoDB: Error: Table "mysql"."innodb_table_stats" not found.
2017-05-09 20:56:49 700010079000 InnoDB: Recalculation of persistent statistics requested for table "wordpress"."wp_posts" but the required persistent statistics storage is not present or is corrupted. Using transient stats instead.
2017-05-09 20:56:54 700010184000 InnoDB: Error: Table "mysql"."innodb_table_stats" not found.
2017-05-09 20:56:54 700010184000 InnoDB: Error: Fetch of persistent statistics requested for table "wordpress"."wp_commentmeta" but the required system tables mysql.innodb_table_stats and mysql.innodb_index_stats are not present or have unexpected structure. Using transient stats instead.
2017-05-09 20:56:57 700010079000 InnoDB: Error: Table "mysql"."innodb_table_stats" not found.
2017-05-09 20:56:57 700010079000 InnoDB: Recalculation of persistent statistics requested for table "wordpress"."wp_usermeta" but the required persistent statistics storage is not present or is corrupted. Using transient stats instead.
2017-05-09 20:57:07 700010079000 InnoDB: Error: Table "mysql"."innodb_table_stats" not found.
2017-05-09 20:57:07 700010079000 InnoDB: Recalculation of persistent statistics requested for table "wordpress"."wp_options" but the required persistent statistics storage is not present or is corrupted. Using transient stats instead.
2017-05-09 20:57:11 700010079000 InnoDB: Error: Table "mysql"."innodb_table_stats" not found.
2017-05-09 20:57:11 700010079000 InnoDB: Recalculation of persistent statistics requested for table "wordpress"."wp_posts" but the required persistent statistics storage is not present or is corrupted. Using transient stats instead.
2017-05-09 20:57:11 700010079000 InnoDB: Error: Table "mysql"."innodb_table_stats" not found.
2017-05-09 20:57:11 700010079000 InnoDB: Recalculation of persistent statistics requested for table "wordpress"."wp_postmeta" but the required persistent statistics storage is not present or is corrupted. Using transient stats instead.
2017-05-09 20:57:20 700010079000 InnoDB: Error: Table "mysql"."innodb_table_stats" not found.
2017-05-09 20:57:20 700010079000 InnoDB: Recalculation of persistent statistics requested for table "wordpress"."wp_terms" but the required persistent statistics storage is not present or is corrupted. Using transient stats instead.
2017-05-09 20:57:30 700010079000 InnoDB: Error: Table "mysql"."innodb_table_stats" not found.
2017-05-09 20:57:30 700010079000 InnoDB: Recalculation of persistent statistics requested for table "wordpress"."wp_posts" but the required persistent statistics storage is not present or is corrupted. Using transient stats instead.
2017-05-09 20:57:40 700010079000 InnoDB: Error: Table "mysql"."innodb_table_stats" not found.
2017-05-09 20:57:40 700010079000 InnoDB: Recalculation of persistent statistics requested for table "wordpress"."wp_term_taxonomy" but the required persistent statistics storage is not present or is corrupted. Using transient stats instead.
2017-05-09 20:57:50 700010079000 InnoDB: Error: Table "mysql"."innodb_table_stats" not found.
2017-05-09 20:57:50 700010079000 InnoDB: Recalculation of persistent statistics requested for table "wordpress"."wp_postmeta" but the required persistent statistics storage is not present or is corrupted. Using transient stats instead.
2017-05-09 20:58:00 700010079000 InnoDB: Error: Table "mysql"."innodb_table_stats" not found.
2017-05-09 20:58:00 700010079000 InnoDB: Recalculation of persistent statistics requested for table "wordpress"."wp_term_relationships" but the required persistent statistics storage is not present or is corrupted. Using transient stats instead.
